This is pdfTeX, Version 3.141592653-2.6-1.40.29 (TeX Live 2026) (preloaded format=pdflatex 2026.6.10)  15 JUN 2026 20:09
entering extended mode
 restricted \write18 enabled.
 file:line:error style messages enabled.
 %&-line parsing enabled.
**d:/Work/Others/OSET/manuscript/OSET_ActaMaterialia.tex
(d:/Work/Others/OSET/manuscript/OSET_ActaMaterialia.tex
LaTeX2e <2026-06-01>
L3 programming layer <2026-05-26>
(c:/texlive/2026/texmf-dist/tex/latex/elsarticle/elsarticle.cls
Document Class: elsarticle 2026/01/09, 3.5: Elsevier Ltd
(c:/texlive/2026/texmf-dist/tex/latex/base/fontenc.sty
Package: fontenc 2025/07/18 v2.1d Standard LaTeX package
) (c:/texlive/2026/texmf-dist/tex/latex/l3kernel/expl3.sty
Package: expl3 2026-05-26 L3 programming layer (loader) 
 (c:/texlive/2026/texmf-dist/tex/latex/l3backend/l3backend-pdftex.def
File: l3backend-pdftex.def 2026-02-18 L3 backend support: PDF output (pdfTeX)
\l__color_backend_stack_int=\count276
)) (c:/texlive/2026/texmf-dist/tex/latex/l3packages/xparse/xparse.sty
Package: xparse 2025-10-09 L3 Experimental document command parser
) (c:/texlive/2026/texmf-dist/tex/latex/etoolbox/etoolbox.sty
Package: etoolbox 2025/10/02 v2.5m e-TeX tools for LaTeX (JAW)
\etb@tempcnta=\count277
)
\@bls=\dimen150
 (c:/texlive/2026/texmf-dist/tex/latex/base/article.cls
Document Class: article 2025/01/22 v1.4n Standard LaTeX document class
(c:/texlive/2026/texmf-dist/tex/latex/base/size10.clo
File: size10.clo 2025/01/22 v1.4n Standard LaTeX file (size option)
)
\c@part=\count278
\c@section=\count279
\c@subsection=\count280
\c@subsubsection=\count281
\c@paragraph=\count282
\c@subparagraph=\count283
\c@figure=\count284
\c@table=\count285
\abovecaptionskip=\skip49
\belowcaptionskip=\skip50
\bibindent=\dimen151
) (c:/texlive/2026/texmf-dist/tex/latex/graphics/graphicx.sty
Package: graphicx 2026-05-17 v1.2e Enhanced LaTeX Graphics (DPC,SPQR)
 (c:/texlive/2026/texmf-dist/tex/latex/graphics/keyval.sty
Package: keyval 2026-05-17 v1.15 key=value parser (DPC)
\KV@toks@=\toks17
) (c:/texlive/2026/texmf-dist/tex/latex/graphics/graphics.sty
Package: graphics 2026-05-17 v1.4h Standard LaTeX Graphics (DPC,SPQR)
 (c:/texlive/2026/texmf-dist/tex/latex/graphics/trig.sty
Package: trig 2023/12/02 v1.11 sin cos tan (DPC)
) (c:/texlive/2026/texmf-dist/tex/latex/graphics-cfg/graphics.cfg
File: graphics.cfg 2016/06/04 v1.11 sample graphics configuration
)
Package graphics Info: Driver file: pdftex.def on input line 106.
 (c:/texlive/2026/texmf-dist/tex/latex/graphics-def/pdftex.def
File: pdftex.def 2025/09/29 v1.2d Graphics/color driver for pdftex
))
\Gin@req@height=\dimen152
\Gin@req@width=\dimen153
)
\c@tnote=\count286
\c@fnote=\count287
\c@cnote=\count288
\c@ead=\count289
\c@elsarticle@author=\count290
\@eadauthor=\toks18
\c@affn=\count291
\absbox=\box53
\elsarticlehighlightsbox=\box54
\elsarticlegrabsbox=\box55
\keybox=\box56
\Columnwidth=\dimen154
\space@left=\dimen155
\els@boxa=\box57
\els@boxb=\box58
\leftMargin=\dimen156
\@enLab=\toks19
\@sep=\skip51
\@@sep=\skip52
 (./OSET_ActaMaterialia.spl) (c:/texlive/2026/texmf-dist/tex/latex/natbib/natbib.sty
Package: natbib 2010/09/13 8.31b (PWD, AO)
\bibhang=\skip53
\bibsep=\skip54
LaTeX Info: Redefining \cite on input line 694.
\c@NAT@ctr=\count292
)
\splwrite=\write3
\openout3 = `OSET_ActaMaterialia.spl'.

 (c:/texlive/2026/texmf-dist/tex/latex/geometry/geometry.sty
Package: geometry 2026/03/07 v6.0 Page Geometry
 (c:/texlive/2026/texmf-dist/tex/generic/iftex/ifvtex.sty
Package: ifvtex 2019/10/25 v1.7 ifvtex legacy package. Use iftex instead.
 (c:/texlive/2026/texmf-dist/tex/generic/iftex/iftex.sty
Package: iftex 2024/12/12 v1.0g TeX engine tests
))
\Gm@cnth=\count293
\Gm@cntv=\count294
\c@Gm@tempcnt=\count295
\Gm@bindingoffset=\dimen157
\Gm@wd@mp=\dimen158
\Gm@odd@mp=\dimen159
\Gm@even@mp=\dimen160
\Gm@layoutwidth=\dimen161
\Gm@layoutheight=\dimen162
\Gm@layouthoffset=\dimen163
\Gm@layoutvoffset=\dimen164
\Gm@dimlist=\toks20
) (c:/texlive/2026/texmf-dist/tex/latex/base/fleqn.clo
File: fleqn.clo 2016/12/29 v1.2b Standard LaTeX option (flush left equations)
\mathindent=\skip55
Applying: [2015/01/01] Make \[ robust on input line 50.
LaTeX Info: Redefining \[ on input line 51.
Already applied: [0000/00/00] Make \[ robust on input line 62.
Applying: [2015/01/01] Make \] robust on input line 74.
LaTeX Info: Redefining \] on input line 75.
Already applied: [0000/00/00] Make \] robust on input line 83.
)
\appnamewidth=\dimen165
) (c:/texlive/2026/texmf-dist/tex/latex/amsmath/amsmath.sty
Package: amsmath 2026/05/19 v2.18d AMS math features
\@mathmargin=\skip56

For additional information on amsmath, use the `?' option.
(c:/texlive/2026/texmf-dist/tex/latex/amsmath/amstext.sty
Package: amstext 2024/11/17 v2.01 AMS text
 (c:/texlive/2026/texmf-dist/tex/latex/amsmath/amsgen.sty
File: amsgen.sty 1999/11/30 v2.0 generic functions
\@emptytoks=\toks21
\ex@=\dimen166
)) (c:/texlive/2026/texmf-dist/tex/latex/amsmath/amsbsy.sty
Package: amsbsy 1999/11/29 v1.2d Bold Symbols
\pmbraise@=\dimen167
) (c:/texlive/2026/texmf-dist/tex/latex/amsmath/amsopn.sty
Package: amsopn 2022/04/08 v2.04 operator names
)
\inf@bad=\count296
LaTeX Info: Redefining \frac on input line 233.
\uproot@=\count297
\leftroot@=\count298
LaTeX Info: Redefining \overline on input line 398.
LaTeX Info: Redefining \colon on input line 409.
\classnum@=\count299
\DOTSCASE@=\count300
LaTeX Info: Redefining \ldots on input line 495.
LaTeX Info: Redefining \dots on input line 498.
LaTeX Info: Redefining \cdots on input line 619.
\Mathstrutbox@=\box59
\strutbox@=\box60
LaTeX Info: Redefining \big on input line 721.
LaTeX Info: Redefining \Big on input line 722.
LaTeX Info: Redefining \bigg on input line 723.
LaTeX Info: Redefining \Bigg on input line 724.
\big@size=\dimen168
LaTeX Font Info:    Redeclaring font encoding OML on input line 742.
LaTeX Font Info:    Redeclaring font encoding OMS on input line 743.
\macc@depth=\count301
LaTeX Info: Redefining \bmod on input line 904.
LaTeX Info: Redefining \pmod on input line 909.
LaTeX Info: Redefining \smash on input line 939.
LaTeX Info: Redefining \relbar on input line 969.
LaTeX Info: Redefining \Relbar on input line 970.
\c@MaxMatrixCols=\count302
\dotsspace@=\muskip17
\c@parentequation=\count303
\dspbrk@lvl=\count304
\tag@help=\toks22
\row@=\count305
\column@=\count306
\maxfields@=\count307
\andhelp@=\toks23
\eqnshift@=\dimen169
\alignsep@=\dimen170
\tagshift@=\dimen171
\tagwidth@=\dimen172
\totwidth@=\dimen173
\lineht@=\dimen174
\@envbody=\toks24
\multlinegap=\skip57
\multlinetaggap=\skip58
\mathdisplay@stack=\toks25
LaTeX Info: Redefining \[ on input line 2965.
LaTeX Info: Redefining \] on input line 2966.
) (c:/texlive/2026/texmf-dist/tex/latex/amsfonts/amssymb.sty
Package: amssymb 2013/01/14 v3.01 AMS font symbols
 (c:/texlive/2026/texmf-dist/tex/latex/amsfonts/amsfonts.sty
Package: amsfonts 2013/01/14 v3.01 Basic AMSFonts support
\symAMSa=\mathgroup4
\symAMSb=\mathgroup5
LaTeX Font Info:    Redeclaring math symbol \hbar on input line 98.
LaTeX Font Info:    Overwriting math alphabet `\mathfrak' in version `bold'
(Font)                  U/euf/m/n --> U/euf/b/n on input line 106.
)) (c:/texlive/2026/texmf-dist/tex/latex/mathtools/mathtools.sty
Package: mathtools 2024/10/04 v1.31 mathematical typesetting tools
 (c:/texlive/2026/texmf-dist/tex/latex/tools/calc.sty
Package: calc 2025/03/01 v4.3b Infix arithmetic (KKT,FJ)
\calc@Acount=\count308
\calc@Bcount=\count309
\calc@Adimen=\dimen175
\calc@Bdimen=\dimen176
\calc@Askip=\skip59
\calc@Bskip=\skip60
LaTeX Info: Redefining \setlength on input line 86.
LaTeX Info: Redefining \addtolength on input line 87.
\calc@Ccount=\count310
\calc@Cskip=\skip61
) (c:/texlive/2026/texmf-dist/tex/latex/mathtools/mhsetup.sty
Package: mhsetup 2021/03/18 v1.4 programming setup (MH)
)
\g_MT_multlinerow_int=\count311
\l_MT_multwidth_dim=\dimen177
\origjot=\skip62
\l_MT_shortvdotswithinadjustabove_dim=\dimen178
\l_MT_shortvdotswithinadjustbelow_dim=\dimen179
\l_MT_above_intertext_sep=\dimen180
\l_MT_below_intertext_sep=\dimen181
\l_MT_above_shortintertext_sep=\dimen182
\l_MT_below_shortintertext_sep=\dimen183
\xmathstrut@box=\box61
\xmathstrut@dim=\dimen184
) (c:/texlive/2026/texmf-dist/tex/latex/booktabs/booktabs.sty
Package: booktabs 2020/01/12 v1.61803398 Publication quality tables
\heavyrulewidth=\dimen185
\lightrulewidth=\dimen186
\cmidrulewidth=\dimen187
\belowrulesep=\dimen188
\belowbottomsep=\dimen189
\aboverulesep=\dimen190
\abovetopsep=\dimen191
\cmidrulesep=\dimen192
\cmidrulekern=\dimen193
\defaultaddspace=\dimen194
\@cmidla=\count312
\@cmidlb=\count313
\@aboverulesep=\dimen195
\@belowrulesep=\dimen196
\@thisruleclass=\count314
\@lastruleclass=\count315
\@thisrulewidth=\dimen197
) (c:/texlive/2026/texmf-dist/tex/latex/tools/array.sty
Package: array 2026/02/24 v2.7b Tabular extension package (FMi)
\col@sep=\dimen198
\ar@mcellbox=\box62
\extrarowheight=\dimen199
\NC@list=\toks26
\extratabsurround=\skip63
\backup@length=\skip64
\ar@cellbox=\box63
) (c:/texlive/2026/texmf-dist/tex/latex/xcolor/xcolor.sty
Package: xcolor 2024/09/29 v3.02 LaTeX color extensions (UK)
 (c:/texlive/2026/texmf-dist/tex/latex/graphics-cfg/color.cfg
File: color.cfg 2016/01/02 v1.6 sample color configuration
)
Package xcolor Info: Driver file: pdftex.def on input line 274.
 (c:/texlive/2026/texmf-dist/tex/latex/graphics/mathcolor.ltx)
Package xcolor Info: Model `cmy' substituted by `cmy0' on input line 1349.
Package xcolor Info: Model `hsb' substituted by `rgb' on input line 1353.
Package xcolor Info: Model `RGB' extended on input line 1365.
Package xcolor Info: Model `HTML' substituted by `rgb' on input line 1367.
Package xcolor Info: Model `Hsb' substituted by `hsb' on input line 1368.
Package xcolor Info: Model `tHsb' substituted by `hsb' on input line 1369.
Package xcolor Info: Model `HSB' substituted by `hsb' on input line 1370.
Package xcolor Info: Model `Gray' substituted by `gray' on input line 1371.
Package xcolor Info: Model `wave' substituted by `hsb' on input line 1372.
) (c:/texlive/2026/texmf-dist/tex/latex/siunitx/siunitx.sty
Package: siunitx 2026-05-15 v3.5.5 A comprehensive (SI) units package
\l__siunitx_number_uncert_offset_int=\count316
\l__siunitx_number_exponent_fixed_int=\count317
\l__siunitx_number_min_decimal_int=\count318
\l__siunitx_number_min_integer_int=\count319
\l__siunitx_number_round_precision_int=\count320
\l__siunitx_number_lower_threshold_int=\count321
\l__siunitx_number_upper_threshold_int=\count322
\l__siunitx_number_group_first_int=\count323
\l__siunitx_number_group_size_int=\count324
\l__siunitx_number_group_min_int=\count325
\l__siunitx_number_group_minimum_int=\count326
\l__siunitx_compound_count_int=\count327
 (c:/texlive/2026/texmf-dist/tex/latex/translations/translations.sty
Package: translations 2022/02/05 v1.12 internationalization of LaTeX2e packages (CN)
 (c:/texlive/2026/texmf-dist/tex/generic/pdftexcmds/pdftexcmds.sty
Package: pdftexcmds 2020-06-27 v0.33 Utility functions of pdfTeX for LuaTeX (HO)
 (c:/texlive/2026/texmf-dist/tex/generic/infwarerr/infwarerr.sty
Package: infwarerr 2019/12/03 v1.5 Providing info/warning/error messages (HO)
) (c:/texlive/2026/texmf-dist/tex/generic/ltxcmds/ltxcmds.sty
Package: ltxcmds 2023-12-04 v1.26 LaTeX kernel commands for general use (HO)
)
Package pdftexcmds Info: \pdf@primitive is available.
Package pdftexcmds Info: \pdf@ifprimitive is available.
Package pdftexcmds Info: \pdfdraftmode found.
))
\l__siunitx_table_tmp_box=\box64
\l__siunitx_table_tmp_dim=\dimen256
\l__siunitx_table_column_width_dim=\dimen257
\l__siunitx_table_integer_box=\box65
\l__siunitx_table_decimal_box=\box66
\l__siunitx_table_uncert_box=\box67
\l__siunitx_table_before_box=\box68
\l__siunitx_table_after_box=\box69
\l__siunitx_table_before_dim=\dimen258
\l__siunitx_table_carry_dim=\dimen259
\l__siunitx_unit_tmp_int=\count328
\l__siunitx_unit_position_int=\count329
\l__siunitx_unit_total_int=\count330
\l__siunitx_sexagesimal_tmp_dim=\dimen260
\l__siunitx_sexagesimal_marker_box=\box70
\l__siunitx_sexagesimal_unit_box=\box71
) (c:/texlive/2026/texmf-dist/tex/latex/hyperref/hyperref.sty
Package: hyperref 2026-04-24 v7.01q Hypertext links for LaTeX
 (c:/texlive/2026/texmf-dist/tex/latex/kvsetkeys/kvsetkeys.sty
Package: kvsetkeys 2022-10-05 v1.19 Key value parser (HO)
) (c:/texlive/2026/texmf-dist/tex/generic/kvdefinekeys/kvdefinekeys.sty
Package: kvdefinekeys 2019-12-19 v1.6 Define keys (HO)
) (c:/texlive/2026/texmf-dist/tex/generic/pdfescape/pdfescape.sty
Package: pdfescape 2019/12/09 v1.15 Implements pdfTeX's escape features (HO)
) (c:/texlive/2026/texmf-dist/tex/latex/hycolor/hycolor.sty
Package: hycolor 2020-01-27 v1.10 Color options for hyperref/bookmark (HO)
) (c:/texlive/2026/texmf-dist/tex/latex/hyperref/nameref.sty
Package: nameref 2026-01-29 v2.58 Cross-referencing by name of section
 (c:/texlive/2026/texmf-dist/tex/latex/refcount/refcount.sty
Package: refcount 2019/12/15 v3.6 Data extraction from label references (HO)
) (c:/texlive/2026/texmf-dist/tex/generic/gettitlestring/gettitlestring.sty
Package: gettitlestring 2019/12/15 v1.6 Cleanup title references (HO)
 (c:/texlive/2026/texmf-dist/tex/latex/kvoptions/kvoptions.sty
Package: kvoptions 2022-06-15 v3.15 Key value format for package options (HO)
))
\c@section@level=\count331
) (c:/texlive/2026/texmf-dist/tex/generic/stringenc/stringenc.sty
Package: stringenc 2019/11/29 v1.12 Convert strings between diff. encodings (HO)
)
\@linkdim=\dimen261
\Hy@linkcounter=\count332
\Hy@pagecounter=\count333
 (c:/texlive/2026/texmf-dist/tex/latex/hyperref/pd1enc.def
File: pd1enc.def 2026-04-24 v7.01q Hyperref: PDFDocEncoding definition (HO)
Now handling font encoding PD1 ...
... no UTF-8 mapping file for font encoding PD1
) (c:/texlive/2026/texmf-dist/tex/generic/intcalc/intcalc.sty
Package: intcalc 2019/12/15 v1.3 Expandable calculations with integers (HO)
)
\Hy@SavedSpaceFactor=\count334
 (c:/texlive/2026/texmf-dist/tex/latex/hyperref/puenc.def
File: puenc.def 2026-04-24 v7.01q Hyperref: PDF Unicode definition (HO)
Now handling font encoding PU ...
... no UTF-8 mapping file for font encoding PU
)
Package hyperref Info: Hyper figures OFF on input line 4199.
Package hyperref Info: Link nesting OFF on input line 4204.
Package hyperref Info: Hyper index ON on input line 4207.
Package hyperref Info: Plain pages OFF on input line 4214.
Package hyperref Info: Backreferencing OFF on input line 4219.
Package hyperref Info: Implicit mode ON; LaTeX internals redefined.
Package hyperref Info: Bookmarks ON on input line 4466.
\c@Hy@tempcnt=\count335
 (c:/texlive/2026/texmf-dist/tex/latex/url/url.sty
\Urlmuskip=\muskip18
Package: url 2013/09/16  ver 3.4  Verb mode for urls, etc.
)
LaTeX Info: Redefining \url on input line 4805.
\XeTeXLinkMargin=\dimen262
 (c:/texlive/2026/texmf-dist/tex/generic/bitset/bitset.sty
Package: bitset 2019/12/09 v1.3 Handle bit-vector datatype (HO)
 (c:/texlive/2026/texmf-dist/tex/generic/bigintcalc/bigintcalc.sty
Package: bigintcalc 2019/12/15 v1.5 Expandable calculations on big integers (HO)
))
\Fld@menulength=\count336
\Field@Width=\dimen263
\Fld@charsize=\dimen264
Package hyperref Info: Hyper figures OFF on input line 6091.
Package hyperref Info: Link nesting OFF on input line 6096.
Package hyperref Info: Hyper index ON on input line 6099.
Package hyperref Info: backreferencing OFF on input line 6106.
Package hyperref Info: Link coloring OFF on input line 6111.
Package hyperref Info: Link coloring with OCG OFF on input line 6116.
Package hyperref Info: PDF/A mode OFF on input line 6121.
\Hy@abspage=\count337
\c@Item=\count338
\c@Hfootnote=\count339
)
Package hyperref Info: Driver (autodetected): hpdftex.
 (c:/texlive/2026/texmf-dist/tex/latex/hyperref/hpdftex.def
File: hpdftex.def 2026-04-24 v7.01q Hyperref driver for pdfTeX
\Fld@listcount=\count340
\c@bookmark@seq@number=\count341
 (c:/texlive/2026/texmf-dist/tex/latex/rerunfilecheck/rerunfilecheck.sty
Package: rerunfilecheck 2025-06-21 v1.11 Rerun checks for auxiliary files (HO)
 (c:/texlive/2026/texmf-dist/tex/generic/uniquecounter/uniquecounter.sty
Package: uniquecounter 2019/12/15 v1.4 Provide unlimited unique counter (HO)
)
Package uniquecounter Info: New unique counter `rerunfilecheck' on input line 284.
)
\Hy@SectionHShift=\skip65
) (c:/texlive/2026/texmf-dist/tex/latex/microtype/microtype.sty
Package: microtype 2026/03/01 v3.2d Micro-typographical refinements (RS)
\MT@toks=\toks27
\MT@tempbox=\box72
\MT@count=\count342
LaTeX Info: Redefining \noprotrusionifhmode on input line 1084.
LaTeX Info: Redefining \leftprotrusion on input line 1085.
\MT@prot@toks=\toks28
LaTeX Info: Redefining \rightprotrusion on input line 1104.
LaTeX Info: Redefining \textls on input line 1449.
\MT@outer@kern=\dimen265
LaTeX Info: Redefining \microtypecontext on input line 2053.
LaTeX Info: Redefining \textmicrotypecontext on input line 2070.
\MT@listname@count=\count343
 (c:/texlive/2026/texmf-dist/tex/latex/microtype/microtype-pdftex.def
File: microtype-pdftex.def 2026/03/01 v3.2d Definitions specific to pdftex (RS)
LaTeX Info: Redefining \lsstyle on input line 944.
LaTeX Info: Redefining \lslig on input line 944.
\MT@outer@space=\skip66
)
Package microtype Info: Loading configuration file microtype.cfg.
 (c:/texlive/2026/texmf-dist/tex/latex/microtype/microtype.cfg
File: microtype.cfg 2026/03/01 v3.2d microtype main configuration file (RS)
)
LaTeX Info: Redefining \microtypesetup on input line 3065.
)
Package translations Info: No language package found. I am going to use `english' as default language. on input line 29.

No file OSET_ActaMaterialia.aux.
\openout1 = `OSET_ActaMaterialia.aux'.

LaTeX Font Info:    Checking defaults for OML/cmm/m/it on input line 29.
LaTeX Font Info:    ... okay on input line 29.
LaTeX Font Info:    Checking defaults for OMS/cmsy/m/n on input line 29.
LaTeX Font Info:    ... okay on input line 29.
LaTeX Font Info:    Checking defaults for OT1/cmr/m/n on input line 29.
LaTeX Font Info:    ... okay on input line 29.
LaTeX Font Info:    Checking defaults for T1/cmr/m/n on input line 29.
LaTeX Font Info:    ... okay on input line 29.
LaTeX Font Info:    Checking defaults for TS1/cmr/m/n on input line 29.
LaTeX Font Info:    ... okay on input line 29.
LaTeX Font Info:    Checking defaults for OMX/cmex/m/n on input line 29.
LaTeX Font Info:    ... okay on input line 29.
LaTeX Font Info:    Checking defaults for U/cmr/m/n on input line 29.
LaTeX Font Info:    ... okay on input line 29.
LaTeX Font Info:    Checking defaults for PD1/pdf/m/n on input line 29.
LaTeX Font Info:    ... okay on input line 29.
LaTeX Font Info:    Checking defaults for PU/pdf/m/n on input line 29.
LaTeX Font Info:    ... okay on input line 29.
(c:/texlive/2026/texmf-dist/tex/context/base/mkii/supp-pdf.mkii
[Loading MPS to PDF converter (version 2006.09.02).]
\scratchcounter=\count344
\scratchdimen=\dimen266
\scratchbox=\box73
\nofMPsegments=\count345
\nofMParguments=\count346
\everyMPshowfont=\toks29
\MPscratchCnt=\count347
\MPscratchDim=\dimen267
\MPnumerator=\count348
\makeMPintoPDFobject=\count349
\everyMPtoPDFconversion=\toks30
) (c:/texlive/2026/texmf-dist/tex/latex/epstopdf-pkg/epstopdf-base.sty
Package: epstopdf-base 2020-01-24 v2.11 Base part for package epstopdf
Package epstopdf-base Info: Redefining graphics rule for `.eps' on input line 485.
 (c:/texlive/2026/texmf-dist/tex/latex/latexconfig/epstopdf-sys.cfg
File: epstopdf-sys.cfg 2010/07/13 v1.3 Configuration of (r)epstopdf for TeX Live
))
*geometry* driver: auto-detecting
*geometry* detected driver: pdftex
*geometry* verbose mode - [ preamble ] result:
* driver: pdftex
* paper: custom
* layout: <same size as paper>
* layoutoffset:(h,v)=(0.0pt,0.0pt)
* hratio: 1:1
* vratio: 1:1
* modes: 
* h-part:(L,W,R)=(37.75394pt, 522.0pt, 37.75394pt)
* v-part:(T,H,B)=(81.52342pt, 682.0pt, 81.52342pt)
* \paperwidth=597.50787pt
* \paperheight=845.04684pt
* \textwidth=522.0pt
* \textheight=682.0pt
* \oddsidemargin=-34.51605pt
* \evensidemargin=-34.51605pt
* \topmargin=-52.74657pt
* \headheight=50.0pt
* \headsep=12.0pt
* \topskip=10.0pt
* \footskip=18.0pt
* \marginparwidth=65.0pt
* \marginparsep=11.0pt
* \columnsep=18.0pt
* \skip\footins=24.0pt plus 2.0pt minus 12.0pt
* \hoffset=0.0pt
* \voffset=0.0pt
* \mag=1000
* \@twocolumntrue
* \@twosidefalse
* \@mparswitchfalse
* \@reversemarginfalse
* (1in=72.27pt=25.4mm, 1cm=28.453pt)

(c:/texlive/2026/texmf-dist/tex/latex/translations/translations-basic-dictionary-english.trsl
File: translations-basic-dictionary-english.trsl (english translation file `translations-basic-dictionary')
)
Package translations Info: loading dictionary `translations-basic-dictionary' for `english'. on input line 29.
Package hyperref Info: Link coloring OFF on input line 29.
\@outlinefile=\write4
\openout4 = `OSET_ActaMaterialia.out'.

LaTeX Info: Redefining \microtypecontext on input line 29.
Package microtype Info: Applying patch `item' on input line 29.
Package microtype Info: Applying patch `toc' on input line 29.
Package microtype Info: Applying patch `eqnum' on input line 29.
Package microtype Info: Applying patch `footnote' on input line 29.
Package microtype Info: Applying patch `verbatim' on input line 29.
LaTeX Info: Redefining \microtypesetup on input line 29.
Package microtype Info: Generating PDF output.
Package microtype Info: Character protrusion enabled (level 2).
Package microtype Info: Using default protrusion set `alltext'.
Package microtype Info: Automatic font expansion enabled (level 2),
(microtype)             stretch: 20, shrink: 20, step: 1, non-selected.
Package microtype Info: Using default expansion set `alltext-nott'.
Package microtype Info: Patching command `\showhyphens'.
Package microtype Info: No adjustment of tracking.
Package microtype Info: No adjustment of interword spacing.
Package microtype Info: No adjustment of character kerning.
 (c:/texlive/2026/texmf-dist/tex/latex/microtype/mt-cmr.cfg
File: mt-cmr.cfg 2013/05/19 v2.2 microtype config. file: Computer Modern Roman (RS)
)
LaTeX Font Info:    Trying to load font information for U+msa on input line 59.
 (c:/texlive/2026/texmf-dist/tex/latex/amsfonts/umsa.fd
File: umsa.fd 2013/01/14 v3.01 AMS symbols A
) (c:/texlive/2026/texmf-dist/tex/latex/microtype/mt-msa.cfg
File: mt-msa.cfg 2006/02/04 v1.1 microtype config. file: AMS symbols (a) (RS)
)
LaTeX Font Info:    Trying to load font information for U+msb on input line 59.
 (c:/texlive/2026/texmf-dist/tex/latex/amsfonts/umsb.fd
File: umsb.fd 2013/01/14 v3.01 AMS symbols B
) (c:/texlive/2026/texmf-dist/tex/latex/microtype/mt-msb.cfg
File: mt-msb.cfg 2005/06/01 v1.0 microtype config. file: AMS symbols (b) (RS)
)
LaTeX Font Info:    Calculating math sizes for size <> on input line 77.


LaTeX Font Warning: Font shape `OT1/cmr/m/n' in size <> not available
(Font)              size <5> substituted on input line 77.


LaTeX Font Warning: Font shape `OT1/cmr/m/n' in size <0.7> not available
(Font)              size <5> substituted on input line 77.


LaTeX Font Warning: Font shape `OT1/cmr/m/n' in size <0.5> not available
(Font)              size <5> substituted on input line 77.


LaTeX Font Warning: Font shape `OML/cmm/m/it' in size <> not available
(Font)              size <5> substituted on input line 77.


LaTeX Font Warning: Font shape `OML/cmm/m/it' in size <0.7> not available
(Font)              size <5> substituted on input line 77.


LaTeX Font Warning: Font shape `OML/cmm/m/it' in size <0.5> not available
(Font)              size <5> substituted on input line 77.


LaTeX Font Warning: Font shape `OMS/cmsy/m/n' in size <> not available
(Font)              size <5> substituted on input line 77.


LaTeX Font Warning: Font shape `OMS/cmsy/m/n' in size <0.7> not available
(Font)              size <5> substituted on input line 77.


LaTeX Font Warning: Font shape `OMS/cmsy/m/n' in size <0.5> not available
(Font)              size <5> substituted on input line 77.


Overfull \hbox (6.49004pt too wide) in paragraph at lines 97--100
[]\T1/cmr/bx/n/10 (-20) (R2) Sin-gu-lar core. \T1/cmr/m/n/10 (-20) The Volterra stress $\OML/cmm/m/it/10 ^^[ \OMS/cmsy/m/n/10 ^^X \OML/cmm/m/it/10 Gb=\OT1/cmr/m/n/10 (-20) 2\OML/cmm/m/it/10 ^^Yr \OMS/cmsy/m/n/10 !
 []


LaTeX Font Warning: Font shape `T1/cmr/m/scit' undefined
(Font)              using `T1/cmr/m/scsl' instead on input line 114.


LaTeX Font Warning: Font shape `T1/cmr/m/scit' undefined
(Font)              using `T1/cmr/m/scsl' instead on input line 148.


Package natbib Warning: Citation `eshelby1957' on page 1 undefined on input line 151.


Package hyperref Warning: Token not allowed in a PDF string (Unicode):
(hyperref)                removing `\<def>-command' on input line 158.


Package hyperref Warning: Token not allowed in a PDF string (Unicode):
(hyperref)                removing `\cnotenum' on input line 158.


Package hyperref Warning: Token not allowed in a PDF string (Unicode):
(hyperref)                removing `\<def>-command' on input line 158.


Package hyperref Warning: Token not allowed in a PDF string (Unicode):
(hyperref)                removing `\@corref' on input line 158.

[1{c:/texlive/2026/texmf-var/fonts/map/pdftex/updmap/pdftex.map}{c:/texlive/2026/texmf-dist/fonts/enc/dvips/cm-super/cm-super-t1.enc}


{c:/texlive/2026/texmf-dist/fonts/enc/dvips/cm-super/cm-super-ts1.enc}]

Package natbib Warning: Citation `mura1987' on page 2 undefined on input line 162.


Overfull \hbox (6.03606pt too wide) in paragraph at lines 162--163
[]\T1/cmr/m/n/10 (-20) The rel-e-vant Es-helby com-po-nent for the oblate spheroid [\T1/cmr/bx/n/10 (-20) ?
 []


Package hyperref Warning: Token not allowed in a PDF string (Unicode):
(hyperref)                removing `math shift' on input line 177.


Package hyperref Warning: Token not allowed in a PDF string (Unicode):
(hyperref)                removing `subscript' on input line 177.


Package hyperref Warning: Token not allowed in a PDF string (Unicode):
(hyperref)                removing `math shift' on input line 177.


LaTeX Warning: Reference `eq:I1bounds' on page 2 undefined on input line 237.


Overfull \hbox (7.26321pt too wide) detected at line 244
[][][][]
 []


Package hyperref Warning: Token not allowed in a PDF string (Unicode):
(hyperref)                removing `math shift' on input line 246.


Package hyperref Warning: Token not allowed in a PDF string (Unicode):
(hyperref)                removing `subscript' on input line 246.


Package hyperref Warning: Token not allowed in a PDF string (Unicode):
(hyperref)                removing `subscript' on input line 246.


Package hyperref Warning: Token not allowed in a PDF string (Unicode):
(hyperref)                removing `subscript' on input line 246.


Package hyperref Warning: Token not allowed in a PDF string (Unicode):
(hyperref)                removing `\alpha' on input line 246.


Package hyperref Warning: Token not allowed in a PDF string (Unicode):
(hyperref)                removing `superscript' on input line 246.


Package hyperref Warning: Token not allowed in a PDF string (Unicode):
(hyperref)                removing `math shift' on input line 246.


Overfull \hbox (23.41006pt too wide) detected at line 267
[]
 []


Package hyperref Warning: Token not allowed in a PDF string (Unicode):
(hyperref)                removing `math shift' on input line 274.


Package hyperref Warning: Token not allowed in a PDF string (Unicode):
(hyperref)                removing `\alpha' on input line 274.


Package hyperref Warning: Token not allowed in a PDF string (Unicode):
(hyperref)                removing `math shift' on input line 274.


Package hyperref Warning: Token not allowed in a PDF string (Unicode):
(hyperref)                removing `math shift' on input line 274.


Package hyperref Warning: Token not allowed in a PDF string (Unicode):
(hyperref)                removing `\nu' on input line 274.


Package hyperref Warning: Token not allowed in a PDF string (Unicode):
(hyperref)                removing `math shift' on input line 274.


LaTeX Warning: Reference `eq:S1313' on page 2 undefined on input line 287.

[2]

Package hyperref Warning: Token not allowed in a PDF string (Unicode):
(hyperref)                removing `math shift' on input line 317.


Package hyperref Warning: Token not allowed in a PDF string (Unicode):
(hyperref)                removing `\beta' on input line 317.


Package hyperref Warning: Token not allowed in a PDF string (Unicode):
(hyperref)                removing `subscript' on input line 317.


Package hyperref Warning: Token not allowed in a PDF string (Unicode):
(hyperref)                removing `math shift' on input line 317.


Package natbib Warning: Citation `mura1987' on page 3 undefined on input line 327.


LaTeX Warning: Reference `sec:Edilat' on page 3 undefined on input line 331.


Package natbib Warning: Citation `pad-part1' on page 3 undefined on input line 340.


Package hyperref Warning: Token not allowed in a PDF string (Unicode):
(hyperref)                removing `math shift' on input line 362.


Package hyperref Warning: Token not allowed in a PDF string (Unicode):
(hyperref)                removing `\beta' on input line 362.


Package hyperref Warning: Token not allowed in a PDF string (Unicode):
(hyperref)                removing `subscript' on input line 362.


Package hyperref Warning: Token not allowed in a PDF string (Unicode):
(hyperref)                removing `math shift' on input line 362.


Package natbib Warning: Citation `wolf1990' on page 3 undefined on input line 371.


Overfull \hbox (0.71593pt too wide) in paragraph at lines 386--389
[]\T1/cmr/m/it/10 (-20) Step 1 (con-strained strain). \T1/cmr/m/n/10 (-20) By mi-nor sym-me-try $\OML/cmm/m/it/10 S[] \OT1/cmr/m/n/10 (-20) =
 []


LaTeX Warning: Reference `eq:eshelby1' on page 3 undefined on input line 422.


LaTeX Warning: Reference `eq:Sijkk' on page 3 undefined on input line 422.

[3]

Package natbib Warning: Citation `mura1987' on page 4 undefined on input line 525.


Package natbib Warning: Citation `mura1987' on page 4 undefined on input line 535.


Package natbib Warning: Citation `mura1987' on page 4 undefined on input line 548.


Package natbib Warning: Citation `eshelby1957' on page 4 undefined on input line 583.


Package natbib Warning: Citation `mura1987' on page 4 undefined on input line 583.


LaTeX Warning: Reference `eq:dG' on page 4 undefined on input line 587.


LaTeX Warning: Reference `eq:u1' on page 4 undefined on input line 629.

[4]

LaTeX Warning: Reference `eq:gradsum' on page 5 undefined on input line 664.


Overfull \hbox (6.41223pt too wide) in paragraph at lines 664--666
[]\T1/cmr/m/n/10 (-20) Multiplying Eq. [] by $\OML/cmm/m/it/10 G$ \T1/cmr/m/n/10 (-20) and in-sert-ing $\OML/cmm/m/it/10 A \OT1/cmr/m/n/10 (-20) = 1\OML/cmm/m/it/10 =\OT1/cmr/m/n/10 (-20) [16\OML/cmm/m/it/10 ^^YG\OT1/cmr/m/n/10 (-20) (1 \OMS/cmsy/m/n/10 ^^@
 []


Underfull \hbox (badness 10000) in paragraph at lines 794--794
[]|\T1/cmr/m/n/9 (+20) Stress de-
 []


Underfull \hbox (badness 10000) in paragraph at lines 795--795
[]|\T1/cmr/m/n/9 (+20) Topo.
 []


Underfull \hbox (badness 10000) in paragraph at lines 800--800
[]|\T1/cmr/m/n/9 (+20) Thermal
 []


Package natbib Warning: Citation `bilby1955' on page 5 undefined on input line 815.

[5]

LaTeX Font Warning: Font shape `T1/cmr/m/scit' undefined
(Font)              using `T1/cmr/m/scsl' instead on input line 895.


Package hyperref Warning: Token not allowed in a PDF string (Unicode):
(hyperref)                removing `math shift' on input line 895.


Package hyperref Warning: Token not allowed in a PDF string (Unicode):
(hyperref)                removing `math shift' on input line 895.


Package natbib Warning: Citation `peierls1940' on page 6 undefined on input line 917.


Package natbib Warning: Citation `nabarro1947' on page 6 undefined on input line 917.

[6]

Package natbib Warning: Citation `astanin-part2' on page 7 undefined on input line 993.


Package natbib Warning: Citation `peierls1940' on page 7 undefined on input line 1045.


Overfull \hbox (7.22586pt too wide) in paragraph at lines 1043--1046
\T1/cmr/m/n/10 (-20) Max-i-mum slope: $\OML/cmm/m/it/10 ^^\[] \OT1/cmr/m/n/10 (-20) = (2\OML/cmm/m/it/10 ^^YA=b[]\OT1/cmr/m/n/10 (-20) )\OML/cmm/m/it/10 e[] \OT1/cmr/m/n/10 (-20) = \OML/cmm/m/it/10 Ge[]=\OT1/cmr/m/n/10 (-20) [2(1 \OMS/cmsy/m/n/10 ^^@
 []

d:/Work/Others/OSET/manuscript/OSET_ActaMaterialia.tex:1062: Undefined control sequence.
\cancel ->\ERROR 
                 
l.1062   {3\cancel\gz\cancel{W}}
                                .
The control sequence at the end of the top line
of your error message was never \def'ed. If you have
misspelled it (e.g., `\hobx'), type `I' and the correct
spelling (e.g., `I\hbox'). Otherwise just continue,
and I'll forget about whatever was undefined.

d:/Work/Others/OSET/manuscript/OSET_ActaMaterialia.tex:1062: Undefined control sequence.
\cancel ->\ERROR 
                 
l.1062   {3\cancel\gz\cancel{W}}
                                .
The control sequence at the end of the top line
of your error message was never \def'ed. If you have
misspelled it (e.g., `\hobx'), type `I' and the correct
spelling (e.g., `I\hbox'). Otherwise just continue,
and I'll forget about whatever was undefined.

d:/Work/Others/OSET/manuscript/OSET_ActaMaterialia.tex:1062: Undefined control sequence.
\cancel ->\ERROR 
                 
l.1062   {3\cancel\gz\cancel{W}}
                                .
The control sequence at the end of the top line
of your error message was never \def'ed. If you have
misspelled it (e.g., `\hobx'), type `I' and the correct
spelling (e.g., `I\hbox'). Otherwise just continue,
and I'll forget about whatever was undefined.

d:/Work/Others/OSET/manuscript/OSET_ActaMaterialia.tex:1062: Undefined control sequence.
\cancel ->\ERROR 
                 
l.1062   {3\cancel\gz\cancel{W}}
                                .
The control sequence at the end of the top line
of your error message was never \def'ed. If you have
misspelled it (e.g., `\hobx'), type `I' and the correct
spelling (e.g., `I\hbox'). Otherwise just continue,
and I'll forget about whatever was undefined.


Package natbib Warning: Citation `frank-read1950' on page 7 undefined on input line 1075.


LaTeX Font Warning: Font shape `T1/cmr/m/scit' undefined
(Font)              using `T1/cmr/m/scsl' instead on input line 1113.


Overfull \hbox (2.21611pt too wide) in paragraph at lines 1115--1117
[]\T1/cmr/m/n/10 (-20) Setting $\OML/cmm/m/it/10 N[]^^M[]W \OT1/cmr/m/n/10 (-20) = \OMS/cmsy/m/n/10 j\OML/cmm/m/it/10 b[]\OMS/cmsy/m/n/10 j \OT1/cmr/m/n/10 (-20) = \OML/cmm/m/it/10 N[]^^M[]W=[]$\T1/cmr/m/n/10 (-20) : $\OML/cmm/m/it/10 N[] \OT1/cmr/m/n/10 (-20) = \OML/cmm/m/it/10 N[]=[]$\T1/cmr/m/n/10 (-20) . 
 []

[7]
Overfull \hbox (25.72566pt too wide) detected at line 1122
\OML/cmm/m/it/10 N[] \OMS/cmsy/m/n/10 ^^@ \OML/cmm/m/it/10 N[] \OT1/cmr/m/n/10 = \OML/cmm/m/it/10 N[]  [] ;  [] \OT1/cmr/m/n/10 = []  [] = [] \OMS/cmsy/m/n/10 ^^@ \OT1/cmr/m/n/10 1\OML/cmm/m/it/10 :
 []


Overfull \hbox (5.23872pt too wide) in paragraph at lines 1130--1133
\T1/cmr/m/n/10 (-20) Substituting $\OT1/cmr/m/n/10 (-20) ^^A\OML/cmm/m/it/10 F[] \OT1/cmr/m/n/10 (-20) = \OML/cmm/m/it/10 ^^Y^^L[]^^M[]GW[]=\OT1/cmr/m/n/10 (-20) 3$ \T1/cmr/m/n/10 (-20) and can-celling $\OML/cmm/m/it/10 W[]=W[] \OT1/cmr/m/n/10 (-20) =
 []


LaTeX Warning: Reference `eq:SFE' on page 8 undefined on input line 1139.


LaTeX Warning: Reference `eq:SFE' on page 8 undefined on input line 1169.


Package natbib Warning: Citation `readshockley1950' on page 8 undefined on input line 1180.

d:/Work/Others/OSET/manuscript/OSET_ActaMaterialia.tex:1203: Double subscript.
l.1203   \mathcal H_\text{self}=\sum_i\dF_
                                          i\,n_i.
I treat `x_1_2' essentially like `x_1{}_2'.

d:/Work/Others/OSET/manuscript/OSET_ActaMaterialia.tex:1246: Double subscript.
<argument>  \mathcal H=\sum _i\!\left [\dF _
                                            i-(\tau -\tau _0)\gz V_0\right ]...
l.1246 \end{multline}
                     
I treat `x_1_2' essentially like `x_1{}_2'.

d:/Work/Others/OSET/manuscript/OSET_ActaMaterialia.tex:1246: Double subscript.
<argument>  \mathcal H=\sum _i\!\left [\dF _
                                            i-(\tau -\tau _0)\gz V_0\right ]...
l.1246 \end{multline}
                     
I treat `x_1_2' essentially like `x_1{}_2'.

d:/Work/Others/OSET/manuscript/OSET_ActaMaterialia.tex:1248: Double subscript.
l.1248 disorder $\dF_
                     i$ and ferromagnetic exchange $J_{ij}$.
I treat `x_1_2' essentially like `x_1{}_2'.


Package natbib Warning: Citation `bragg1934' on page 8 undefined on input line 1255.

[8]
Overfull \hbox (32.61224pt too wide) in paragraph at lines 1262--1265
 []\T1/cmr/m/it/10 (-20) Effect on the in-ter-ac-tion term..[] \T1/cmr/m/n/10 (-20) Sub-sti-tut-ing into $\OMS/cmsy/m/n/10 ^^@[] [][] \OML/cmm/m/it/10 J[]n[]n[]$\T1/cmr/m/n/10 (-20) ;
 []


LaTeX Warning: Reference `sec:sinh' on page 9 undefined on input line 1304.


Overfull \hbox (31.09926pt too wide) in paragraph at lines 1301--1305
[]\T1/cmr/m/n/10 (-20) In the \T1/cmr/m/it/10 (-20) di-lute limit \T1/cmr/m/n/10 (-20) ($\OML/cmm/m/it/10 h[] \OMS/cmsy/m/n/10 ^^] \OML/cmm/m/it/10 kT$\T1/cmr/m/n/10 (-20) , $\OML/cmm/m/it/10 z[]J[] \OMS/cmsy/m/n/10 ! \OT1/cmr/m/n/10 (-20) 0$\T1/cmr/m/n/10 (-20) ), $[] \OMS/cmsy/m/n/10 ^^Y []\OT1/cmr/m/n/10 (-20) (\OMS/cmsy/m/n/10 ^^@\OT1/cmr/m/n/10 (-20) ^^A\OML/cmm/m/it/10 F[]=kT\OT1/cmr/m/n/10 (-20) ) \OMS/cmsy/m/n/10 ^^A
 []

d:/Work/Others/OSET/manuscript/OSET_ActaMaterialia.tex:1314: Double subscript.
l.1314   \delta\gz_
                   \text{macro}=\frac{\beff\cdot\pi W^2}{\pi W^2\cdot d}
I treat `x_1_2' essentially like `x_1{}_2'.


Package natbib Warning: Citation `eyring1935' on page 9 undefined on input line 1320.


Overfull \hbox (6.7465pt too wide) in paragraph at lines 1320--1322
 []\T1/cmr/m/it/10 (-20) Step 2 (Eyring for-ward/backward rates)..[] \T1/cmr/m/n/10 (-20) Fol-low-ing Eyring [\T1/cmr/bx/n/10 (-20) ?
 []

d:/Work/Others/OSET/manuscript/OSET_ActaMaterialia.tex:1343: Double subscript.
l.1343 Multiply by $\delta\gz_
                              \text{macro}=\gz W/d$:
I treat `x_1_2' essentially like `x_1{}_2'.


Package natbib Warning: Citation `pad-part1' on page 9 undefined on input line 1350.


Package natbib Warning: Citation `pad-part1' on page 9 undefined on input line 1365.


Package natbib Warning: Citation `venkatesh-part4' on page 9 undefined on input line 1373.


LaTeX Font Warning: Font shape `T1/cmr/m/scit' undefined
(Font)              using `T1/cmr/m/scsl' instead on input line 1376.


Package natbib Warning: Citation `taylor1934' on page 9 undefined on input line 1394.


LaTeX Font Warning: Font shape `T1/cmr/m/scit' undefined
(Font)              using `T1/cmr/m/scsl' instead on input line 1406.


LaTeX Warning: Reference `sec:PN' on page 9 undefined on input line 1408.


LaTeX Warning: Reference `sec:chainStress' on page 9 undefined on input line 1408.

[9]
Underfull \hbox (badness 10000) in paragraph at lines 1439--1440
[]|\T1/cmr/m/n/9 (+20) Eshelby
 []


Underfull \hbox (badness 10000) in paragraph at lines 1443--1443
[]|\T1/cmr/m/n/9 (+20) Core en-
 []


LaTeX Warning: Reference `eq:coreE' on page 10 undefined on input line 1443.


Underfull \hbox (badness 10000) in paragraph at lines 1444--1444
[]|\T1/cmr/m/n/9 (+20) Core
 []


Underfull \hbox (badness 10000) in paragraph at lines 1446--1446
[]|\T1/cmr/m/n/9 (+20) Thermal
 []


LaTeX Warning: Reference `eq:peierls' on page 10 undefined on input line 1447.


LaTeX Warning: Reference `eq:strength' on page 10 undefined on input line 1448.


LaTeX Warning: Reference `eq:SFE' on page 10 undefined on input line 1449.


Package natbib Warning: Citation `pad-part1' on page 10 undefined on input line 1464.


Package natbib Warning: Citation `argon1979' on page 10 undefined on input line 1467.


Package natbib Warning: Citation `falk-langer1998' on page 10 undefined on input line 1467.


LaTeX Warning: Reference `eq:Taylorhardening' on page 10 undefined on input line 1491.


Overfull \hbox (2.18874pt too wide) in paragraph at lines 1494--1496
\OT1/cmr/m/n/10 (-20) 0\OML/cmm/m/it/10 :\OT1/cmr/m/n/10 (-20) 1\OML/cmm/m/it/10 b$\T1/cmr/m/n/10 (-20) , ac-ces-si-ble with picometer-precision AFM-based nanoin-
 []


LaTeX Warning: Reference `sec:stat' on page 10 undefined on input line 1501.


Overfull \hbox (10.69054pt too wide) in paragraph at lines 1501--1504
[]\T1/cmr/m/n/10 (-20) Combining the \T1/cmr/m/sc/10 (-20) ostz \T1/cmr/m/n/10 (-20) par-ti-tion func-tion (ź[]) with disorder-
 []

d:/Work/Others/OSET/manuscript/OSET_ActaMaterialia.tex:1511: Double subscript.
\gz ->\gamma _
              0
l.1511 ...u_0\sqrt{1+\rho_{G\gz}\sigma_G\sigma_\gz
                                                  }$ and
I treat `x_1_2' essentially like `x_1{}_2'.


Package natbib Warning: Citation `pad-part1' on page 10 undefined on input line 1520.


Package natbib Warning: Citation `wolf1990' on page 10 undefined on input line 1534.


Package natbib Warning: Citation `astanin-part2' on page 10 undefined on input line 1537.


Underfull \hbox (badness 10000) in paragraph at lines 1569--1569
[]|$\OML/cmm/m/it/9 Q \OMS/cmsy/m/n/9 ^^X
 []


Package natbib Warning: Citation `sripathi2014' on page 10 undefined on input line 1576.


Overfull \hbox (1.05176pt too wide) in paragraph at lines 1576--1578
[]\T1/cmr/bx/n/10 (-20) L1 \T1/cmr/m/n/10 (-20) Sripathi & Padmanabhan [\T1/cmr/bx/n/10 (-20) ? \T1/cmr/m/n/10 (-20) ]: 33 systems, $\OML/cmm/m/it/10 R \OT1/cmr/m/n/10 (-20) = 0\OML/cmm/m/it/10 :\OT1/cmr/m/n/10 (-20) 89$\T1/cmr/m/n/10 (-20) --
 []


Package natbib Warning: Citation `wolf1990' on page 10 undefined on input line 1582.


Package natbib Warning: Citation `argon1979' on page 10 undefined on input line 1583.


Package natbib Warning: Citation `falk-langer1998' on page 10 undefined on input line 1583.


Package natbib Warning: Citation `buenz2015' on page 10 undefined on input line 1586.

[10]

Package natbib Warning: Citation `pad2018' on page 11 undefined on input line 1589.


Package natbib Warning: Citation `padbasariya2009' on page 11 undefined on input line 1593.


Overfull \hbox (9.3431pt too wide) in paragraph at lines 1593--1595
[]\T1/cmr/bx/n/10 (-20) L6 \T1/cmr/m/n/10 (-20) High-strain-rate su-per-plas-tic-ity [\T1/cmr/bx/n/10 (-20) ? \T1/cmr/m/n/10 (-20) ]: 8 al-loy/composite
 []


Package natbib Warning: Citation `nabarro1997' on page 11 undefined on input line 1596.


Package natbib Warning: Citation `vermeulen1995' on page 11 undefined on input line 1599.


Package natbib Warning: Citation `harisankar2025' on page 11 undefined on input line 1607.


LaTeX Warning: Reference `sec:I1' on page 11 undefined on input line 1666.


LaTeX Warning: Reference `sec:numeval' on page 11 undefined on input line 1666.


LaTeX Warning: Reference `eq:dipole' on page 11 undefined on input line 1669.


LaTeX Warning: Reference `eq:PNprofile' on page 11 undefined on input line 1669.


LaTeX Warning: Reference `eq:chainStress' on page 11 undefined on input line 1670.


LaTeX Warning: Reference `eq:volterra' on page 11 undefined on input line 1671.


Overfull \hbox (8.48183pt too wide) in paragraph at lines 1668--1672
[]\T1/cmr/m/n/10 (-20) Dislocations emerge as \T1/cmr/m/sc/10 (-20) ostz \T1/cmr/m/n/10 (-20) col-lec-tives: dipole Eq. [],
 []


LaTeX Warning: Reference `eq:strength' on page 11 undefined on input line 1674.


LaTeX Warning: Reference `eq:peierls' on page 11 undefined on input line 1674.


LaTeX Warning: Reference `eq:coreE' on page 11 undefined on input line 1675.


LaTeX Warning: Reference `eq:FR' on page 11 undefined on input line 1675.


LaTeX Warning: Reference `eq:SFE' on page 11 undefined on input line 1676.


LaTeX Warning: Reference `eq:Hamiltonian' on page 11 undefined on input line 1678.


LaTeX Warning: Reference `eq:rate' on page 11 undefined on input line 1679.


LaTeX Warning: Reference `eq:Taylorhardening' on page 11 undefined on input line 1680.


Overfull \hbox (7.1505pt too wide) in paragraph at lines 1678--1681
[]\T1/cmr/m/n/10 (-20) The \T1/cmr/m/sc/10 (-20) ostz \T1/cmr/m/n/10 (-20) Hamil-to-nian [] yields the sinh flow law []
 []


LaTeX Warning: Reference `tab:comparison' on page 11 undefined on input line 1687.

[11]

Package natbib Warning: There were undefined citations.

[12

] (./OSET_ActaMaterialia.aux

Package natbib Warning: Citation(s) may have changed.
(natbib)                Rerun to get citations correct.

)
 ***********
LaTeX2e <2026-06-01>
L3 programming layer <2026-05-26>
 ***********


LaTeX Font Warning: Size substitutions with differences
(Font)              up to 4.5pt have occurred.


LaTeX Warning: There were undefined references.


LaTeX Warning: Label(s) may have changed. Rerun to get cross-references right.


Package rerunfilecheck Warning: File `OSET_ActaMaterialia.out' has changed.
(rerunfilecheck)                Rerun to get outlines right
(rerunfilecheck)                or use package `bookmark'.

Package rerunfilecheck Info: Checksums for `OSET_ActaMaterialia.out':
(rerunfilecheck)             Before: <no file>
(rerunfilecheck)             After:  4B79B20DF9ABC9DA1710DB8012CB8DA7;15166.
 ) 
Here is how much of TeX's memory you used:
 19220 strings out of 467167
 360195 string characters out of 5413691
 814716 words of memory out of 5000000
 47710 multiletter control sequences out of 15000+600000
 665445 words of font info for 266 fonts, out of 8000000 for 9000
 1141 hyphenation exceptions out of 8191
 74i,16n,80p,1047b,1163s stack positions out of 10000i,1000n,20000p,200000b,200000s
<c:/texlive/2026/texmf-dist/fonts/type1/public/amsfonts/cm/cmbx10.pfb><c:/texlive/2026/texmf-dist/fonts/type1/public/amsfonts/cm/cmex10.pfb><c:/texlive/2026/texmf-dist/fonts/type1/public/amsfonts/cm/cmmi10.pfb><c:/texlive/2026/texmf-dist/fonts/type1/public/amsfonts/cm/cmmi5.pfb><c:/texlive/2026/texmf-dist/fonts/type1/public/amsfonts/cm/cmmi6.pfb><c:/texlive/2026/texmf-dist/fonts/type1/public/amsfonts/cm/cmmi7.pfb><c:/texlive/2026/texmf-dist/fonts/type1/public/amsfonts/cm/cmmi8.pfb><c:/texlive/2026/texmf-dist/fonts/type1/public/amsfonts/cm/cmmi9.pfb><c:/texlive/2026/texmf-dist/fonts/type1/public/amsfonts/cm/cmr10.pfb><c:/texlive/2026/texmf-dist/fonts/type1/public/amsfonts/cm/cmr5.pfb><c:/texlive/2026/texmf-dist/fonts/type1/public/amsfonts/cm/cmr6.pfb><c:/texlive/2026/texmf-dist/fonts/type1/public/amsfonts/cm/cmr7.pfb><c:/texlive/2026/texmf-dist/fonts/type1/public/amsfonts/cm/cmr8.pfb><c:/texlive/2026/texmf-dist/fonts/type1/public/amsfonts/cm/cmr9.pfb><c:/texlive/2026/texmf-dist/fonts/type1/public/amsfonts/cm/cmsy10.pfb><c:/texlive/2026/texmf-dist/fonts/type1/public/amsfonts/cm/cmsy5.pfb><c:/texlive/2026/texmf-dist/fonts/type1/public/amsfonts/cm/cmsy6.pfb><c:/texlive/2026/texmf-dist/fonts/type1/public/amsfonts/cm/cmsy7.pfb><c:/texlive/2026/texmf-dist/fonts/type1/public/amsfonts/cm/cmsy9.pfb><c:/texlive/2026/texmf-dist/fonts/type1/public/amsfonts/symbols/msam10.pfb><c:/texlive/2026/texmf-dist/fonts/type1/public/cm-super/sfbx0700.pfb><c:/texlive/2026/texmf-dist/fonts/type1/public/cm-super/sfbx0800.pfb><c:/texlive/2026/texmf-dist/fonts/type1/public/cm-super/sfbx0900.pfb><c:/texlive/2026/texmf-dist/fonts/type1/public/cm-super/sfbx1000.pfb><c:/texlive/2026/texmf-dist/fonts/type1/public/cm-super/sfcc0800.pfb><c:/texlive/2026/texmf-dist/fonts/type1/public/cm-super/sfcc0900.pfb><c:/texlive/2026/texmf-dist/fonts/type1/public/cm-super/sfcc1000.pfb><c:/texlive/2026/texmf-dist/fonts/type1/public/cm-super/sfcc1440.pfb><c:/texlive/2026/texmf-dist/fonts/type1/public/cm-super/sfrm0500.pfb><c:/texlive/2026/texmf-dist/fonts/type1/public/cm-super/sfrm0600.pfb><c:/texlive/2026/texmf-dist/fonts/type1/public/cm-super/sfrm0700.pfb><c:/texlive/2026/texmf-dist/fonts/type1/public/cm-super/sfrm0800.pfb><c:/texlive/2026/texmf-dist/fonts/type1/public/cm-super/sfrm0900.pfb><c:/texlive/2026/texmf-dist/fonts/type1/public/cm-super/sfrm1000.pfb><c:/texlive/2026/texmf-dist/fonts/type1/public/cm-super/sfrm1440.pfb><c:/texlive/2026/texmf-dist/fonts/type1/public/cm-super/sfsc1000.pfb><c:/texlive/2026/texmf-dist/fonts/type1/public/cm-super/sfti0600.pfb><c:/texlive/2026/texmf-dist/fonts/type1/public/cm-super/sfti0800.pfb><c:/texlive/2026/texmf-dist/fonts/type1/public/cm-super/sfti1000.pfb><c:/texlive/2026/texmf-dist/fonts/type1/public/cm-super/sfxc1000.pfb>
Output written on OSET_ActaMaterialia.pdf (12 pages, 665861 bytes).
PDF statistics:
 551 PDF objects out of 1000 (max. 8388607)
 451 compressed objects within 5 object streams
 246 named destinations out of 1000 (max. 500000)
 75777 words of extra memory for PDF output out of 89155 (max. 10000000)

